<?xml version="1.0" encoding="UTF-8"?>
<!-- Generated by org.testng.reporters.JUnitXMLReporter -->
<testsuite hostname="DESKTOP-LU8C54V" failures="3" tests="16" name="Test" time="43.286" errors="0" timestamp="30 Dec 2022 14:12:05 GMT">
  <testcase classname="testcase.employee_create_002" name="@BeforeMethod browser" time="0.0">
    <failure type="org.openqa.selenium.remote.UnreachableBrowserException" message="Error communicating with the remote browser. It may have died.
Build info: version: &amp;apos;2.48.2&amp;apos;, revision: &amp;apos;41bccdd&amp;apos;, time: &amp;apos;2015-10-09 19:55:52&amp;apos;
System info: host: &amp;apos;DESKTOP-LU8C54V&amp;apos;, ip: &amp;apos;192.168.1.2&amp;apos;, os.name: &amp;apos;Windows 10&amp;apos;, os.arch: &amp;apos;amd64&amp;apos;, os.version: &amp;apos;10.0&amp;apos;, java.version: &amp;apos;17.0.2&amp;apos;
Driver info: driver.version: RemoteWebDriver">
      <![CDATA[org.openqa.selenium.remote.UnreachableBrowserException: Error communicating with the remote browser. It may have died.
Build info: version: '2.48.2', revision: '41bccdd', time: '2015-10-09 19:55:52'
System info: host: 'DESKTOP-LU8C54V', ip: '192.168.1.2', os.name: 'Windows 10', os.arch: 'amd64', os.version: '10.0', java.version: '17.0.2'
Driver info: driver.version: RemoteWebDriver
	at org.openqa.selenium.remote.RemoteWebDriver.execute(RemoteWebDriver.java:641)
	at org.openqa.selenium.remote.RemoteWebDriver.get(RemoteWebDriver.java:311)
	at Jala_base.base.browser(base.java:32)
Caused by: org.openqa.selenium.WebDriverException: java.net.SocketException: Connection reset
Build info: version: '2.48.2', revision: '41bccdd', time: '2015-10-09 19:55:52'
System info: host: 'DESKTOP-LU8C54V', ip: '192.168.1.2', os.name: 'Windows 10', os.arch: 'amd64', os.version: '10.0', java.version: '17.0.2'
Driver info: driver.version: RemoteWebDriver
	at org.openqa.selenium.remote.service.DriverCommandExecutor.execute(DriverCommandExecutor.java:91)
	at org.openqa.selenium.remote.RemoteWebDriver.execute(RemoteWebDriver.java:620)
	... 28 more
Caused by: java.net.SocketException: Connection reset
	at java.base/sun.nio.ch.NioSocketImpl.implRead(NioSocketImpl.java:323)
	at java.base/sun.nio.ch.NioSocketImpl.read(NioSocketImpl.java:350)
	at java.base/sun.nio.ch.NioSocketImpl$1.read(NioSocketImpl.java:803)
	at java.base/java.net.Socket$SocketInputStream.read(Socket.java:966)
	at org.apache.http.impl.conn.LoggingInputStream.read(LoggingInputStream.java:87)
	at org.apache.http.impl.io.SessionInputBufferImpl.streamRead(SessionInputBufferImpl.java:139)
	at org.apache.http.impl.io.SessionInputBufferImpl.fillBuffer(SessionInputBufferImpl.java:155)
	at org.apache.http.impl.io.SessionInputBufferImpl.readLine(SessionInputBufferImpl.java:284)
	at org.apache.http.impl.conn.DefaultHttpResponseParser.parseHead(DefaultHttpResponseParser.java:140)
	at org.apache.http.impl.conn.DefaultHttpResponseParser.parseHead(DefaultHttpResponseParser.java:57)
	at org.apache.http.impl.io.AbstractMessageParser.parse(AbstractMessageParser.java:261)
	at org.apache.http.impl.DefaultBHttpClientConnection.receiveResponseHeader(DefaultBHttpClientConnection.java:165)
	at org.apache.http.impl.conn.CPoolProxy.receiveResponseHeader(CPoolProxy.java:167)
	at org.apache.http.protocol.HttpRequestExecutor.doReceiveResponse(HttpRequestExecutor.java:272)
	at org.apache.http.protocol.HttpRequestExecutor.execute(HttpRequestExecutor.java:124)
	at org.apache.http.impl.execchain.MainClientExec.execute(MainClientExec.java:271)
	at org.apache.http.impl.execchain.ProtocolExec.execute(ProtocolExec.java:184)
	at org.apache.http.impl.execchain.RetryExec.execute(RetryExec.java:88)
	at org.apache.http.impl.execchain.RedirectExec.execute(RedirectExec.java:110)
	at org.apache.http.impl.client.InternalHttpClient.doExecute(InternalHttpClient.java:184)
	at org.apache.http.impl.client.CloseableHttpClient.execute(CloseableHttpClient.java:71)
	at org.apache.http.impl.client.CloseableHttpClient.execute(CloseableHttpClient.java:55)
	at org.openqa.selenium.remote.internal.ApacheHttpClient.fallBackExecute(ApacheHttpClient.java:143)
	at org.openqa.selenium.remote.internal.ApacheHttpClient.execute(ApacheHttpClient.java:89)
	at org.openqa.selenium.remote.HttpCommandExecutor.execute(HttpCommandExecutor.java:142)
	at org.openqa.selenium.remote.service.DriverCommandExecutor.execute(DriverCommandExecutor.java:82)
	... 29 more
... Removed 26 stack frames]]>
    </failure>
  </testcase> <!-- @BeforeMethod browser -->
  <testcase classname="testcase.searchEmp_003" name="@BeforeMethod browser" time="0.0">
    <skipped/>
  </testcase> <!-- @BeforeMethod browser -->
  <testcase classname="testcase.HandleMultipleTabs_004" name="@BeforeMethod browser" time="0.0">
    <skipped/>
  </testcase> <!-- @BeforeMethod browser -->
  <testcase classname="testcase.serarchEmp_Duplicate_0014" name="@BeforeMethod browser" time="0.0">
    <skipped/>
  </testcase> <!-- @BeforeMethod browser -->
  <testcase classname="testcase.Single_Menus_005" name="@BeforeMethod browser" time="0.0">
    <skipped/>
  </testcase> <!-- @BeforeMethod browser -->
  <testcase classname="testcase.Sub_Menus_006" name="@BeforeMethod browser" time="0.0">
    <skipped/>
  </testcase> <!-- @BeforeMethod browser -->
  <testcase classname="testcase.Autocomplete_007" name="@BeforeMethod browser" time="0.0">
    <skipped/>
  </testcase> <!-- @BeforeMethod browser -->
  <testcase classname="testcase.Collapsible_008" name="@BeforeMethod browser" time="0.0">
    <skipped/>
  </testcase> <!-- @BeforeMethod browser -->
  <testcase classname="testcase.Uploading_Downloadingimage_009" name="@BeforeMethod browser" time="0.0">
    <skipped/>
  </testcase> <!-- @BeforeMethod browser -->
  <testcase classname="testcase.Slider_009" name="@BeforeMethod browser" time="0.0">
    <skipped/>
  </testcase> <!-- @BeforeMethod browser -->
  <testcase classname="testcase.PopupWindow_010" name="@BeforeMethod browser" time="0.0">
    <skipped/>
  </testcase> <!-- @BeforeMethod browser -->
  <testcase classname="testcase.AlertBox_011" name="@BeforeMethod browser" time="0.0">
    <skipped/>
  </testcase> <!-- @BeforeMethod browser -->
  <testcase classname="testcase.links_012" name="@BeforeMethod browser" time="0.0">
    <skipped/>
  </testcase> <!-- @BeforeMethod browser -->
  <testcase classname="testcase.loginTest_001" name="login" time="0.03">
    <failure type="java.lang.NullPointerException" message="Cannot invoke &amp;quot;org.apache.log4j.Logger.info(Object)&amp;quot; because &amp;quot;testcase.loginTest_001.log&amp;quot; is null">
      <![CDATA[java.lang.NullPointerException: Cannot invoke "org.apache.log4j.Logger.info(Object)" because "testcase.loginTest_001.log" is null
	at testcase.loginTest_001.login(loginTest_001.java:22)
... Removed 24 stack frames]]>
    </failure>
  </testcase> <!-- login -->
  <testcase classname="testcase.loginTest_001" name="login" time="0.002">
    <failure type="java.lang.NullPointerException" message="Cannot invoke &amp;quot;org.apache.log4j.Logger.info(Object)&amp;quot; because &amp;quot;testcase.loginTest_001.log&amp;quot; is null">
      <![CDATA[java.lang.NullPointerException: Cannot invoke "org.apache.log4j.Logger.info(Object)" because "testcase.loginTest_001.log" is null
	at testcase.loginTest_001.login(loginTest_001.java:22)
... Removed 24 stack frames]]>
    </failure>
  </testcase> <!-- login -->
  <testcase classname="testcase.loginTest_001" name="login" time="0.005">
    <failure type="java.lang.NullPointerException" message="Cannot invoke &amp;quot;org.apache.log4j.Logger.info(Object)&amp;quot; because &amp;quot;testcase.loginTest_001.log&amp;quot; is null">
      <![CDATA[java.lang.NullPointerException: Cannot invoke "org.apache.log4j.Logger.info(Object)" because "testcase.loginTest_001.log" is null
	at testcase.loginTest_001.login(loginTest_001.java:22)
... Removed 24 stack frames]]>
    </failure>
  </testcase> <!-- login -->
  <testcase classname="testcase.employee_create_002" name="create_Employee" time="0.001">
    <skipped/>
  </testcase> <!-- create_Employee -->
  <testcase classname="testcase.searchEmp_003" name="searchEmployee" time="0.001">
    <skipped/>
  </testcase> <!-- searchEmployee -->
  <testcase classname="testcase.HandleMultipleTabs_004" name="MultipleTabs" time="0.003">
    <skipped/>
  </testcase> <!-- MultipleTabs -->
  <testcase classname="testcase.serarchEmp_Duplicate_0014" name="serarchEmp_DuplicateEntry" time="0.002">
    <skipped/>
  </testcase> <!-- serarchEmp_DuplicateEntry -->
  <testcase classname="testcase.Single_Menus_005" name="Single_Menus" time="0.003">
    <skipped/>
  </testcase> <!-- Single_Menus -->
  <testcase classname="testcase.Sub_Menus_006" name="Sub_Menus" time="0.001">
    <skipped/>
  </testcase> <!-- Sub_Menus -->
  <testcase classname="testcase.Autocomplete_007" name="autocomplete" time="0.001">
    <skipped/>
  </testcase> <!-- autocomplete -->
  <testcase classname="testcase.Collapsible_008" name="Collapsible" time="0.001">
    <skipped/>
  </testcase> <!-- Collapsible -->
  <testcase classname="testcase.Uploading_Downloadingimage_009" name="image" time="0.002">
    <skipped/>
  </testcase> <!-- image -->
  <testcase classname="testcase.Slider_009" name="slider" time="0.002">
    <skipped/>
  </testcase> <!-- slider -->
  <testcase classname="testcase.PopupWindow_010" name="popup" time="0.005">
    <skipped/>
  </testcase> <!-- popup -->
  <testcase classname="testcase.AlertBox_011" name="alertBox" time="0.007">
    <skipped/>
  </testcase> <!-- alertBox -->
  <testcase classname="testcase.links_012" name="links" time="0.001">
    <skipped/>
  </testcase> <!-- links -->
</testsuite> <!-- Test -->
